0 info it worked if it ends with ok
1 verbose cli [ 'D:\\תוכנות\\תוכנות שמותקנות\\NodeJS\\\\node.exe',
1 verbose cli   'D:\\תוכנות\\תוכנות שמותקנות\\NodeJS\\node_modules\\npm\\bin\\npm-cli.js',
1 verbose cli   'view',
1 verbose cli   '--json',
1 verbose cli   'jade',
1 verbose cli   'description',
1 verbose cli   'dist-tags.latest',
1 verbose cli   'homepage',
1 verbose cli   'version' ]
2 info using npm@1.2.14
3 info using node@v0.8.22
4 verbose node symlink D:\תוכנות\תוכנות שמותקנות\NodeJS\\node.exe
5 verbose url raw jade
6 verbose url resolving [ 'https://registry.npmjs.org/', './jade' ]
7 verbose url resolved https://registry.npmjs.org/jade
8 info trying registry request attempt 1 at 14:10:11
9 http GET https://registry.npmjs.org/jade
10 info retry will retry, error on last attempt: Error: 2284:error:1407742E:SSL routines:SSL23_GET_SERVER_HELLO:tlsv1 alert protocol version:openssl\ssl\s23_clnt.c:658:
11 info trying registry request attempt 2 at 14:10:21
12 http GET https://registry.npmjs.org/jade
13 info retry will retry, error on last attempt: Error: 2284:error:1407742E:SSL routines:SSL23_GET_SERVER_HELLO:tlsv1 alert protocol version:openssl\ssl\s23_clnt.c:658:
14 info trying registry request attempt 3 at 14:11:23
15 http GET https://registry.npmjs.org/jade
16 error Error: 2284:error:1407742E:SSL routines:SSL23_GET_SERVER_HELLO:tlsv1 alert protocol version:openssl\ssl\s23_clnt.c:658:
16 error
16 error     at CleartextStream._puller (tls.js:667:24)
16 error     at CleartextStream.CryptoStream._pull (tls.js:601:19)
16 error     at SecurePair.cycle (tls.js:891:20)
16 error     at EncryptedStream.CryptoStream.write (tls.js:285:13)
16 error     at Socket.ondata (stream.js:38:26)
16 error     at Socket.EventEmitter.emit (events.js:96:17)
16 error     at TCP.onread (net.js:397:14)
17 error If you need help, you may report this log at:
17 error     <http://github.com/isaacs/npm/issues>
17 error or email it to:
17 error     <npm-@googlegroups.com>
18 error System Windows_NT 6.2.9200
19 error command "D:\\תוכנות\\תוכנות שמותקנות\\NodeJS\\\\node.exe" "D:\\תוכנות\\תוכנות שמותקנות\\NodeJS\\node_modules\\npm\\bin\\npm-cli.js" "view" "--json" "jade" "description" "dist-tags.latest" "homepage" "version"
20 error cwd c:\Users\moriy\AppData\Roaming\Adobe\CEP\extensions\SvgCodeViewer\NodeServer
21 error node -v v0.8.22
22 error npm -v 1.2.14
23 verbose exit [ 1, true ]
